# JRE version: OpenJDK Runtime Environment Temurin-21.0.10+7 (21.0.10+7) (build 21.0.10+7-LTS)
# Java VM: OpenJDK 64-Bit Server VM Temurin-21.0.10+7 (21.0.10+7-LTS, mixed mode, sharing, tiered, compressed oops, compressed class ptrs, parallel gc, windows-amd64)
GC Precious Log:
 CardTable entry size: 512
 CPUs: 4 total, 4 available
 Memory: 3930M
 Large Page Support: Disabled
 NUMA Support: Disabled
 Compressed Oops: Enabled (32-bit)
 Alignments: Space 512K, Generation 512K, Heap 2M
 Heap Min Capacity: 100M
 Heap Initial Capacity: 100M
 Heap Max Capacity: 2G
 Pre-touch: Disabled
 Parallel Workers: 4
Heap:
 PSYoungGen      total 5632K, used 4646K [0x00000000d5580000, 0x00000000d5b80000, 0x0000000100000000)
  eden space 4608K, 93% used [0x00000000d5580000,0x00000000d59b9988,0x00000000d5a00000)
  from space 1024K, 31% used [0x00000000d5a00000,0x00000000d5a50000,0x00000000d5b00000)
  to   space 512K, 0% used [0x00000000d5b00000,0x00000000d5b00000,0x00000000d5b80000)
 ParOldGen       total 543232K, used 542907K [0x0000000080000000, 0x00000000a1280000, 0x00000000d5580000)
  object space 543232K, 99% used [0x0000000080000000,0x00000000a122ef18,0x00000000a1280000)
 Metaspace       used 89557K, committed 91264K, reserved 1179648K
  class space    used 8745K, committed 9536K, reserved 1048576K
GC Heap History (20 events):
Event: 8636.670 GC heap before
{Heap before GC invocations=4291 (full 10):
 PSYoungGen      total 5632K, used 5097K [0x00000000d5580000, 0x00000000d5c00000, 0x0000000100000000)
  eden space 4608K, 100% used [0x00000000d5580000,0x00000000d5a00000,0x00000000d5a00000)
  from space 1024K, 47% used [0x00000000d5a00000,0x00000000d5a7a400,0x00000000d5b00000)
  to   space 1024K, 0% used [0x00000000d5b00000,0x00000000d5b00000,0x00000000d5c00000)
 ParOldGen       total 540160K, used 539967K [0x0000000080000000, 0x00000000a0f80000, 0x00000000d5580000)
  object space 540160K, 99% used [0x0000000080000000,0x00000000a0f4ffb8,0x00000000a0f80000)
 Metaspace       used 89548K, committed 91264K, reserved 1179648K
  class space    used 8745K, committed 9536K, reserved 1048576K
}
Event: 8636.680 GC heap after
{Heap after GC invocations=4291 (full 10):
 PSYoungGen      total 5120K, used 224K [0x00000000d5580000, 0x00000000d5b80000, 0x0000000100000000)
  eden space 4608K, 0% used [0x00000000d5580000,0x00000000d5580000,0x00000000d5a00000)
  from space 512K, 43% used [0x00000000d5b00000,0x00000000d5b38020,0x00000000d5b80000)
  to   space 512K, 0% used [0x00000000d5a80000,0x00000000d5a80000,0x00000000d5b00000)
 ParOldGen       total 540160K, used 540123K [0x0000000080000000, 0x00000000a0f80000, 0x00000000d5580000)
  object space 540160K, 99% used [0x0000000080000000,0x00000000a0f76fc8,0x00000000a0f80000)
 Metaspace       used 89548K, committed 91264K, reserved 1179648K
  class space    used 8745K, committed 9536K, reserved 1048576K
}
Event: 8636.698 GC heap before
{Heap before GC invocations=4292 (full 10):
 PSYoungGen      total 5120K, used 4832K [0x00000000d5580000, 0x00000000d5b80000, 0x0000000100000000)
  eden space 4608K, 100% used [0x00000000d5580000,0x00000000d5a00000,0x00000000d5a00000)
  from space 512K, 43% used [0x00000000d5b00000,0x00000000d5b38020,0x00000000d5b80000)
  to   space 512K, 0% used [0x00000000d5a80000,0x00000000d5a80000,0x00000000d5b00000)
 ParOldGen       total 540160K, used 540123K [0x0000000080000000, 0x00000000a0f80000, 0x00000000d5580000)
  object space 540160K, 99% used [0x0000000080000000,0x00000000a0f76fc8,0x00000000a0f80000)
 Metaspace       used 89548K, committed 91264K, reserved 1179648K
  class space    used 8745K, committed 9536K, reserved 1048576K
}
Event: 8636.702 GC heap after
{Heap after GC invocations=4292 (full 10):
 PSYoungGen      total 5120K, used 281K [0x00000000d5580000, 0x00000000d5b80000, 0x0000000100000000)
  eden space 4608K, 0% used [0x00000000d5580000,0x00000000d5580000,0x00000000d5a00000)
  from space 512K, 54% used [0x00000000d5a80000,0x00000000d5ac6410,0x00000000d5b00000)
  to   space 512K, 0% used [0x00000000d5b00000,0x00000000d5b00000,0x00000000d5b80000)
 ParOldGen       total 540672K, used 540201K [0x0000000080000000, 0x00000000a1000000, 0x00000000d5580000)
  object space 540672K, 99% used [0x0000000080000000,0x00000000a0f8a738,0x00000000a1000000)
 Metaspace       used 89548K, committed 91264K, reserved 1179648K
  class space    used 8745K, committed 9536K, reserved 1048576K
}
Event: 8636.782 GC heap before
{Heap before GC invocations=4293 (full 10):
 PSYoungGen      total 5120K, used 4889K [0x00000000d5580000, 0x00000000d5b80000, 0x0000000100000000)
  eden space 4608K, 100% used [0x00000000d5580000,0x00000000d5a00000,0x00000000d5a00000)
  from space 512K, 54% used [0x00000000d5a80000,0x00000000d5ac6410,0x00000000d5b00000)
  to   space 512K, 0% used [0x00000000d5b00000,0x00000000d5b00000,0x00000000d5b80000)
 ParOldGen       total 540672K, used 540201K [0x0000000080000000, 0x00000000a1000000, 0x00000000d5580000)
  object space 540672K, 99% used [0x0000000080000000,0x00000000a0f8a738,0x00000000a1000000)
 Metaspace       used 89548K, committed 91264K, reserved 1179648K
  class space    used 8745K, committed 9536K, reserved 1048576K
}
Event: 8636.785 GC heap after
{Heap after GC invocations=4293 (full 10):
 PSYoungGen      total 5120K, used 512K [0x00000000d5580000, 0x00000000d5c00000, 0x0000000100000000)
  eden space 4608K, 0% used [0x00000000d5580000,0x00000000d5580000,0x00000000d5a00000)
  from space 512K, 100% used [0x00000000d5b00000,0x00000000d5b80000,0x00000000d5b80000)
  to   space 1024K, 0% used [0x00000000d5a00000,0x00000000d5a00000,0x00000000d5b00000)
 ParOldGen       total 540672K, used 540442K [0x0000000080000000, 0x00000000a1000000, 0x00000000d5580000)
  object space 540672K, 99% used [0x0000000080000000,0x00000000a0fc6b68,0x00000000a1000000)
 Metaspace       used 89548K, committed 91264K, reserved 1179648K
  class space    used 8745K, committed 9536K, reserved 1048576K
}
Event: 8636.854 GC heap before
{Heap before GC invocations=4294 (full 10):
 PSYoungGen      total 5120K, used 5120K [0x00000000d5580000, 0x00000000d5c00000, 0x0000000100000000)
  eden space 4608K, 100% used [0x00000000d5580000,0x00000000d5a00000,0x00000000d5a00000)
  from space 512K, 100% used [0x00000000d5b00000,0x00000000d5b80000,0x00000000d5b80000)
  to   space 1024K, 0% used [0x00000000d5a00000,0x00000000d5a00000,0x00000000d5b00000)
 ParOldGen       total 540672K, used 540442K [0x0000000080000000, 0x00000000a1000000, 0x00000000d5580000)
  object space 540672K, 99% used [0x0000000080000000,0x00000000a0fc6b68,0x00000000a1000000)
 Metaspace       used 89548K, committed 91264K, reserved 1179648K
  class space    used 8745K, committed 9536K, reserved 1048576K
}
Event: 8636.858 GC heap after
{Heap after GC invocations=4294 (full 10):
 PSYoungGen      total 5632K, used 384K [0x00000000d5580000, 0x00000000d5c00000, 0x0000000100000000)
  eden space 4608K, 0% used [0x00000000d5580000,0x00000000d5580000,0x00000000d5a00000)
  from space 1024K, 37% used [0x00000000d5a00000,0x00000000d5a60000,0x00000000d5b00000)
  to   space 1024K, 0% used [0x00000000d5b00000,0x00000000d5b00000,0x00000000d5c00000)
 ParOldGen       total 541184K, used 540904K [0x0000000080000000, 0x00000000a1080000, 0x00000000d5580000)
  object space 541184K, 99% used [0x0000000080000000,0x00000000a103a398,0x00000000a1080000)
 Metaspace       used 89548K, committed 91264K, reserved 1179648K
  class space    used 8745K, committed 9536K, reserved 1048576K
}
Event: 8636.937 GC heap before
{Heap before GC invocations=4295 (full 10):
 PSYoungGen      total 5632K, used 4992K [0x00000000d5580000, 0x00000000d5c00000, 0x0000000100000000)
  eden space 4608K, 100% used [0x00000000d5580000,0x00000000d5a00000,0x00000000d5a00000)
  from space 1024K, 37% used [0x00000000d5a00000,0x00000000d5a60000,0x00000000d5b00000)
  to   space 1024K, 0% used [0x00000000d5b00000,0x00000000d5b00000,0x00000000d5c00000)
 ParOldGen       total 541184K, used 540904K [0x0000000080000000, 0x00000000a1080000, 0x00000000d5580000)
  object space 541184K, 99% used [0x0000000080000000,0x00000000a103a398,0x00000000a1080000)
 Metaspace       used 89550K, committed 91264K, reserved 1179648K
  class space    used 8745K, committed 9536K, reserved 1048576K
}
Event: 8636.940 GC heap after
{Heap after GC invocations=4295 (full 10):
 PSYoungGen      total 5120K, used 416K [0x00000000d5580000, 0x00000000d5b80000, 0x0000000100000000)
  eden space 4608K, 0% used [0x00000000d5580000,0x00000000d5580000,0x00000000d5a00000)
  from space 512K, 81% used [0x00000000d5b00000,0x00000000d5b68000,0x00000000d5b80000)
  to   space 512K, 0% used [0x00000000d5a80000,0x00000000d5a80000,0x00000000d5b00000)
 ParOldGen       total 541696K, used 541228K [0x0000000080000000, 0x00000000a1100000, 0x00000000d5580000)
  object space 541696K, 99% used [0x0000000080000000,0x00000000a108b3a8,0x00000000a1100000)
 Metaspace       used 89550K, committed 91264K, reserved 1179648K
  class space    used 8745K, committed 9536K, reserved 1048576K
}
Event: 8637.701 GC heap before
{Heap before GC invocations=4296 (full 10):
 PSYoungGen      total 5120K, used 5024K [0x00000000d5580000, 0x00000000d5b80000, 0x0000000100000000)
  eden space 4608K, 100% used [0x00000000d5580000,0x00000000d5a00000,0x00000000d5a00000)
  from space 512K, 81% used [0x00000000d5b00000,0x00000000d5b68000,0x00000000d5b80000)
  to   space 512K, 0% used [0x00000000d5a80000,0x00000000d5a80000,0x00000000d5b00000)
 ParOldGen       total 541696K, used 541228K [0x0000000080000000, 0x00000000a1100000, 0x00000000d5580000)
  object space 541696K, 99% used [0x0000000080000000,0x00000000a108b3a8,0x00000000a1100000)
 Metaspace       used 89553K, committed 91264K, reserved 1179648K
  class space    used 8745K, committed 9536K, reserved 1048576K
}
Event: 8637.704 GC heap after
{Heap after GC invocations=4296 (full 10):
 PSYoungGen      total 5120K, used 329K [0x00000000d5580000, 0x00000000d5b80000, 0x0000000100000000)
  eden space 4608K, 0% used [0x00000000d5580000,0x00000000d5580000,0x00000000d5a00000)
  from space 512K, 64% used [0x00000000d5a80000,0x00000000d5ad2400,0x00000000d5b00000)
  to   space 512K, 0% used [0x00000000d5b00000,0x00000000d5b00000,0x00000000d5b80000)
 ParOldGen       total 541696K, used 541455K [0x0000000080000000, 0x00000000a1100000, 0x00000000d5580000)
  object space 541696K, 99% used [0x0000000080000000,0x00000000a10c3db8,0x00000000a1100000)
 Metaspace       used 89553K, committed 91264K, reserved 1179648K
  class space    used 8745K, committed 9536K, reserved 1048576K
}
Event: 8637.718 GC heap before
{Heap before GC invocations=4297 (full 10):
 PSYoungGen      total 5120K, used 4937K [0x00000000d5580000, 0x00000000d5b80000, 0x0000000100000000)
  eden space 4608K, 100% used [0x00000000d5580000,0x00000000d5a00000,0x00000000d5a00000)
  from space 512K, 64% used [0x00000000d5a80000,0x00000000d5ad2400,0x00000000d5b00000)
  to   space 512K, 0% used [0x00000000d5b00000,0x00000000d5b00000,0x00000000d5b80000)
 ParOldGen       total 541696K, used 541455K [0x0000000080000000, 0x00000000a1100000, 0x00000000d5580000)
  object space 541696K, 99% used [0x0000000080000000,0x00000000a10c3db8,0x00000000a1100000)
 Metaspace       used 89553K, committed 91264K, reserved 1179648K
  class space    used 8745K, committed 9536K, reserved 1048576K
}
Event: 8637.721 GC heap after
{Heap after GC invocations=4297 (full 10):
 PSYoungGen      total 5120K, used 448K [0x00000000d5580000, 0x00000000d5b80000, 0x0000000100000000)
  eden space 4608K, 0% used [0x00000000d5580000,0x00000000d5580000,0x00000000d5a00000)
  from space 512K, 87% used [0x00000000d5b00000,0x00000000d5b70000,0x00000000d5b80000)
  to   space 512K, 0% used [0x00000000d5a80000,0x00000000d5a80000,0x00000000d5b00000)
 ParOldGen       total 542208K, used 541714K [0x0000000080000000, 0x00000000a1180000, 0x00000000d5580000)
  object space 542208K, 99% used [0x0000000080000000,0x00000000a1104be8,0x00000000a1180000)
 Metaspace       used 89553K, committed 91264K, reserved 1179648K
  class space    used 8745K, committed 9536K, reserved 1048576K
}
Event: 8637.835 GC heap before
{Heap before GC invocations=4298 (full 10):
 PSYoungGen      total 5120K, used 5056K [0x00000000d5580000, 0x00000000d5b80000, 0x0000000100000000)
  eden space 4608K, 100% used [0x00000000d5580000,0x00000000d5a00000,0x00000000d5a00000)
  from space 512K, 87% used [0x00000000d5b00000,0x00000000d5b70000,0x00000000d5b80000)
  to   space 512K, 0% used [0x00000000d5a80000,0x00000000d5a80000,0x00000000d5b00000)
 ParOldGen       total 542208K, used 541714K [0x0000000080000000, 0x00000000a1180000, 0x00000000d5580000)
  object space 542208K, 99% used [0x0000000080000000,0x00000000a1104be8,0x00000000a1180000)
 Metaspace       used 89553K, committed 91264K, reserved 1179648K
  class space    used 8745K, committed 9536K, reserved 1048576K
}
Event: 8637.839 GC heap after
{Heap after GC invocations=4298 (full 10):
 PSYoungGen      total 5120K, used 320K [0x00000000d5580000, 0x00000000d5b80000, 0x0000000100000000)
  eden space 4608K, 0% used [0x00000000d5580000,0x00000000d5580000,0x00000000d5a00000)
  from space 512K, 62% used [0x00000000d5a80000,0x00000000d5ad0000,0x00000000d5b00000)
  to   space 512K, 0% used [0x00000000d5b00000,0x00000000d5b00000,0x00000000d5b80000)
 ParOldGen       total 542208K, used 542106K [0x0000000080000000, 0x00000000a1180000, 0x00000000d5580000)
  object space 542208K, 99% used [0x0000000080000000,0x00000000a1166be8,0x00000000a1180000)
 Metaspace       used 89553K, committed 91264K, reserved 1179648K
  class space    used 8745K, committed 9536K, reserved 1048576K
}
Event: 8637.857 GC heap before
{Heap before GC invocations=4299 (full 10):
 PSYoungGen      total 5120K, used 4928K [0x00000000d5580000, 0x00000000d5b80000, 0x0000000100000000)
  eden space 4608K, 100% used [0x00000000d5580000,0x00000000d5a00000,0x00000000d5a00000)
  from space 512K, 62% used [0x00000000d5a80000,0x00000000d5ad0000,0x00000000d5b00000)
  to   space 512K, 0% used [0x00000000d5b00000,0x00000000d5b00000,0x00000000d5b80000)
 ParOldGen       total 542208K, used 542106K [0x0000000080000000, 0x00000000a1180000, 0x00000000d5580000)
  object space 542208K, 99% used [0x0000000080000000,0x00000000a1166be8,0x00000000a1180000)
 Metaspace       used 89553K, committed 91264K, reserved 1179648K
  class space    used 8745K, committed 9536K, reserved 1048576K
}
Event: 8637.862 GC heap after
{Heap after GC invocations=4299 (full 10):
 PSYoungGen      total 5120K, used 505K [0x00000000d5580000, 0x00000000d5c00000, 0x0000000100000000)
  eden space 4608K, 0% used [0x00000000d5580000,0x00000000d5580000,0x00000000d5a00000)
  from space 512K, 98% used [0x00000000d5b00000,0x00000000d5b7e410,0x00000000d5b80000)
  to   space 1024K, 0% used [0x00000000d5a00000,0x00000000d5a00000,0x00000000d5b00000)
 ParOldGen       total 542720K, used 542422K [0x0000000080000000, 0x00000000a1200000, 0x00000000d5580000)
  object space 542720K, 99% used [0x0000000080000000,0x00000000a11b5bf8,0x00000000a1200000)
 Metaspace       used 89553K, committed 91264K, reserved 1179648K
  class space    used 8745K, committed 9536K, reserved 1048576K
}
Event: 8637.911 GC heap before
{Heap before GC invocations=4300 (full 10):
 PSYoungGen      total 5120K, used 5113K [0x00000000d5580000, 0x00000000d5c00000, 0x0000000100000000)
  eden space 4608K, 99% used [0x00000000d5580000,0x00000000d59ffff8,0x00000000d5a00000)
  from space 512K, 98% used [0x00000000d5b00000,0x00000000d5b7e410,0x00000000d5b80000)
  to   space 1024K, 0% used [0x00000000d5a00000,0x00000000d5a00000,0x00000000d5b00000)
 ParOldGen       total 542720K, used 542422K [0x0000000080000000, 0x00000000a1200000, 0x00000000d5580000)
  object space 542720K, 99% used [0x0000000080000000,0x00000000a11b5bf8,0x00000000a1200000)
 Metaspace       used 89554K, committed 91264K, reserved 1179648K
  class space    used 8745K, committed 9536K, reserved 1048576K
}
Event: 8637.915 GC heap after
{Heap after GC invocations=4300 (full 10):
 PSYoungGen      total 5632K, used 320K [0x00000000d5580000, 0x00000000d5b80000, 0x0000000100000000)
  eden space 4608K, 0% used [0x00000000d5580000,0x00000000d5580000,0x00000000d5a00000)
  from space 1024K, 31% used [0x00000000d5a00000,0x00000000d5a50000,0x00000000d5b00000)
  to   space 512K, 0% used [0x00000000d5b00000,0x00000000d5b00000,0x00000000d5b80000)
 ParOldGen       total 543232K, used 542907K [0x0000000080000000, 0x00000000a1280000, 0x00000000d5580000)
  object space 543232K, 99% used [0x0000000080000000,0x00000000a122ef18,0x00000000a1280000)
 Metaspace       used 89554K, committed 91264K, reserved 1179648K
  class space    used 8745K, committed 9536K, reserved 1048576K
}

