# JRE version: OpenJDK Runtime Environment Temurin-21.0.10+7 (21.0.10+7) (build 21.0.10+7-LTS)
# Java VM: OpenJDK 64-Bit Server VM Temurin-21.0.10+7 (21.0.10+7-LTS, mixed mode, sharing, tiered, compressed oops, compressed class ptrs, parallel gc, windows-amd64)
GC Precious Log:
 CardTable entry size: 512
 CPUs: 4 total, 4 available
 Memory: 3930M
 Large Page Support: Disabled
 NUMA Support: Disabled
 Compressed Oops: Enabled (32-bit)
 Alignments: Space 512K, Generation 512K, Heap 2M
 Heap Min Capacity: 100M
 Heap Initial Capacity: 100M
 Heap Max Capacity: 2G
 Pre-touch: Disabled
 Parallel Workers: 4
Heap:
 PSYoungGen      total 2560K, used 1680K [0x00000000d5580000, 0x00000000d5980000, 0x0000000100000000)
  eden space 2048K, 74% used [0x00000000d5580000,0x00000000d56fc108,0x00000000d5780000)
  from space 512K, 31% used [0x00000000d5880000,0x00000000d58a8000,0x00000000d5900000)
  to   space 512K, 0% used [0x00000000d5900000,0x00000000d5900000,0x00000000d5980000)
 ParOldGen       total 1329664K, used 1329414K [0x0000000080000000, 0x00000000d1280000, 0x00000000d5580000)
  object space 1329664K, 99% used [0x0000000080000000,0x00000000d1241be0,0x00000000d1280000)
 Metaspace       used 85979K, committed 87616K, reserved 1179648K
  class space    used 8530K, committed 9280K, reserved 1048576K
GC Heap History (20 events):
Event: 6580.669 GC heap before
{Heap before GC invocations=1812 (full 5):
 PSYoungGen      total 5632K, used 5073K [0x00000000d5580000, 0x00000000d5c00000, 0x0000000100000000)
  eden space 4608K, 100% used [0x00000000d5580000,0x00000000d5a00000,0x00000000d5a00000)
  from space 1024K, 45% used [0x00000000d5a00000,0x00000000d5a746b8,0x00000000d5b00000)
  to   space 512K, 0% used [0x00000000d5b80000,0x00000000d5b80000,0x00000000d5c00000)
 ParOldGen       total 1322496K, used 1322003K [0x0000000080000000, 0x00000000d0b80000, 0x00000000d5580000)
  object space 1322496K, 99% used [0x0000000080000000,0x00000000d0b04f10,0x00000000d0b80000)
 Metaspace       used 85967K, committed 87616K, reserved 1179648K
  class space    used 8529K, committed 9280K, reserved 1048576K
}
Event: 6580.680 GC heap after
{Heap after GC invocations=1812 (full 5):
 PSYoungGen      total 2048K, used 481K [0x00000000d5580000, 0x00000000d6300000, 0x0000000100000000)
  eden space 1536K, 0% used [0x00000000d5580000,0x00000000d5580000,0x00000000d5700000)
  from space 512K, 94% used [0x00000000d5b80000,0x00000000d5bf8560,0x00000000d5c00000)
  to   space 4608K, 0% used [0x00000000d5700000,0x00000000d5700000,0x00000000d5b80000)
 ParOldGen       total 1325568K, used 1325287K [0x0000000080000000, 0x00000000d0e80000, 0x00000000d5580000)
  object space 1325568K, 99% used [0x0000000080000000,0x00000000d0e39c68,0x00000000d0e80000)
 Metaspace       used 85967K, committed 87616K, reserved 1179648K
  class space    used 8529K, committed 9280K, reserved 1048576K
}
Event: 6581.075 GC heap before
{Heap before GC invocations=1813 (full 5):
 PSYoungGen      total 2048K, used 2012K [0x00000000d5580000, 0x00000000d6300000, 0x0000000100000000)
  eden space 1536K, 99% used [0x00000000d5580000,0x00000000d56fed18,0x00000000d5700000)
  from space 512K, 94% used [0x00000000d5b80000,0x00000000d5bf8560,0x00000000d5c00000)
  to   space 4608K, 0% used [0x00000000d5700000,0x00000000d5700000,0x00000000d5b80000)
 ParOldGen       total 1325568K, used 1325287K [0x0000000080000000, 0x00000000d0e80000, 0x00000000d5580000)
  object space 1325568K, 99% used [0x0000000080000000,0x00000000d0e39c68,0x00000000d0e80000)
 Metaspace       used 85967K, committed 87616K, reserved 1179648K
  class space    used 8529K, committed 9280K, reserved 1048576K
}
Event: 6581.082 GC heap after
{Heap after GC invocations=1813 (full 5):
 PSYoungGen      total 2560K, used 608K [0x00000000d5580000, 0x00000000d5c00000, 0x0000000100000000)
  eden space 1536K, 0% used [0x00000000d5580000,0x00000000d5580000,0x00000000d5700000)
  from space 1024K, 59% used [0x00000000d5700000,0x00000000d5798000,0x00000000d5800000)
  to   space 2048K, 0% used [0x00000000d5a00000,0x00000000d5a00000,0x00000000d5c00000)
 ParOldGen       total 1326080K, used 1325764K [0x0000000080000000, 0x00000000d0f00000, 0x00000000d5580000)
  object space 1326080K, 99% used [0x0000000080000000,0x00000000d0eb1070,0x00000000d0f00000)
 Metaspace       used 85967K, committed 87616K, reserved 1179648K
  class space    used 8529K, committed 9280K, reserved 1048576K
}
Event: 6581.741 GC heap before
{Heap before GC invocations=1814 (full 5):
 PSYoungGen      total 2560K, used 2144K [0x00000000d5580000, 0x00000000d5c00000, 0x0000000100000000)
  eden space 1536K, 100% used [0x00000000d5580000,0x00000000d5700000,0x00000000d5700000)
  from space 1024K, 59% used [0x00000000d5700000,0x00000000d5798000,0x00000000d5800000)
  to   space 2048K, 0% used [0x00000000d5a00000,0x00000000d5a00000,0x00000000d5c00000)
 ParOldGen       total 1326080K, used 1325764K [0x0000000080000000, 0x00000000d0f00000, 0x00000000d5580000)
  object space 1326080K, 99% used [0x0000000080000000,0x00000000d0eb1070,0x00000000d0f00000)
 Metaspace       used 85967K, committed 87616K, reserved 1179648K
  class space    used 8529K, committed 9280K, reserved 1048576K
}
Event: 6581.750 GC heap after
{Heap after GC invocations=1814 (full 5):
 PSYoungGen      total 2048K, used 320K [0x00000000d5580000, 0x00000000d5a80000, 0x0000000100000000)
  eden space 1536K, 0% used [0x00000000d5580000,0x00000000d5580000,0x00000000d5700000)
  from space 512K, 62% used [0x00000000d5a00000,0x00000000d5a50000,0x00000000d5a80000)
  to   space 1024K, 0% used [0x00000000d5880000,0x00000000d5880000,0x00000000d5980000)
 ParOldGen       total 1326592K, used 1326332K [0x0000000080000000, 0x00000000d0f80000, 0x00000000d5580000)
  object space 1326592K, 99% used [0x0000000080000000,0x00000000d0f3f070,0x00000000d0f80000)
 Metaspace       used 85967K, committed 87616K, reserved 1179648K
  class space    used 8529K, committed 9280K, reserved 1048576K
}
Event: 6581.821 GC heap before
{Heap before GC invocations=1815 (full 5):
 PSYoungGen      total 2048K, used 1856K [0x00000000d5580000, 0x00000000d5a80000, 0x0000000100000000)
  eden space 1536K, 100% used [0x00000000d5580000,0x00000000d5700000,0x00000000d5700000)
  from space 512K, 62% used [0x00000000d5a00000,0x00000000d5a50000,0x00000000d5a80000)
  to   space 1024K, 0% used [0x00000000d5880000,0x00000000d5880000,0x00000000d5980000)
 ParOldGen       total 1326592K, used 1326332K [0x0000000080000000, 0x00000000d0f80000, 0x00000000d5580000)
  object space 1326592K, 99% used [0x0000000080000000,0x00000000d0f3f070,0x00000000d0f80000)
 Metaspace       used 85968K, committed 87616K, reserved 1179648K
  class space    used 8529K, committed 9280K, reserved 1048576K
}
Event: 6581.826 GC heap after
{Heap after GC invocations=1815 (full 5):
 PSYoungGen      total 2560K, used 384K [0x00000000d5580000, 0x00000000d5a80000, 0x0000000100000000)
  eden space 1536K, 0% used [0x00000000d5580000,0x00000000d5580000,0x00000000d5700000)
  from space 1024K, 37% used [0x00000000d5880000,0x00000000d58e0000,0x00000000d5980000)
  to   space 512K, 0% used [0x00000000d5a00000,0x00000000d5a00000,0x00000000d5a80000)
 ParOldGen       total 1326592K, used 1326588K [0x0000000080000000, 0x00000000d0f80000, 0x00000000d5580000)
  object space 1326592K, 99% used [0x0000000080000000,0x00000000d0f7f070,0x00000000d0f80000)
 Metaspace       used 85968K, committed 87616K, reserved 1179648K
  class space    used 8529K, committed 9280K, reserved 1048576K
}
Event: 6581.833 GC heap before
{Heap before GC invocations=1816 (full 5):
 PSYoungGen      total 2560K, used 1919K [0x00000000d5580000, 0x00000000d5a80000, 0x0000000100000000)
  eden space 1536K, 99% used [0x00000000d5580000,0x00000000d56ffff8,0x00000000d5700000)
  from space 1024K, 37% used [0x00000000d5880000,0x00000000d58e0000,0x00000000d5980000)
  to   space 512K, 0% used [0x00000000d5a00000,0x00000000d5a00000,0x00000000d5a80000)
 ParOldGen       total 1326592K, used 1326588K [0x0000000080000000, 0x00000000d0f80000, 0x00000000d5580000)
  object space 1326592K, 99% used [0x0000000080000000,0x00000000d0f7f070,0x00000000d0f80000)
 Metaspace       used 85968K, committed 87616K, reserved 1179648K
  class space    used 8529K, committed 9280K, reserved 1048576K
}
Event: 6581.837 GC heap after
{Heap after GC invocations=1816 (full 5):
 PSYoungGen      total 2048K, used 496K [0x00000000d5580000, 0x00000000d5a80000, 0x0000000100000000)
  eden space 1536K, 0% used [0x00000000d5580000,0x00000000d5580000,0x00000000d5700000)
  from space 512K, 96% used [0x00000000d5a00000,0x00000000d5a7c010,0x00000000d5a80000)
  to   space 1024K, 0% used [0x00000000d5880000,0x00000000d5880000,0x00000000d5980000)
 ParOldGen       total 1327104K, used 1327000K [0x0000000080000000, 0x00000000d1000000, 0x00000000d5580000)
  object space 1327104K, 99% used [0x0000000080000000,0x00000000d0fe61c0,0x00000000d1000000)
 Metaspace       used 85968K, committed 87616K, reserved 1179648K
  class space    used 8529K, committed 9280K, reserved 1048576K
}
Event: 6581.844 GC heap before
{Heap before GC invocations=1817 (full 5):
 PSYoungGen      total 2048K, used 2032K [0x00000000d5580000, 0x00000000d5a80000, 0x0000000100000000)
  eden space 1536K, 100% used [0x00000000d5580000,0x00000000d5700000,0x00000000d5700000)
  from space 512K, 96% used [0x00000000d5a00000,0x00000000d5a7c010,0x00000000d5a80000)
  to   space 1024K, 0% used [0x00000000d5880000,0x00000000d5880000,0x00000000d5980000)
 ParOldGen       total 1327104K, used 1327000K [0x0000000080000000, 0x00000000d1000000, 0x00000000d5580000)
  object space 1327104K, 99% used [0x0000000080000000,0x00000000d0fe61c0,0x00000000d1000000)
 Metaspace       used 85968K, committed 87616K, reserved 1179648K
  class space    used 8529K, committed 9280K, reserved 1048576K
}
Event: 6581.849 GC heap after
{Heap after GC invocations=1817 (full 5):
 PSYoungGen      total 2560K, used 640K [0x00000000d5580000, 0x00000000d5a80000, 0x0000000100000000)
  eden space 1536K, 0% used [0x00000000d5580000,0x00000000d5580000,0x00000000d5700000)
  from space 1024K, 62% used [0x00000000d5880000,0x00000000d5920010,0x00000000d5980000)
  to   space 1024K, 0% used [0x00000000d5980000,0x00000000d5980000,0x00000000d5a80000)
 ParOldGen       total 1327616K, used 1327504K [0x0000000080000000, 0x00000000d1080000, 0x00000000d5580000)
  object space 1327616K, 99% used [0x0000000080000000,0x00000000d10641c0,0x00000000d1080000)
 Metaspace       used 85968K, committed 87616K, reserved 1179648K
  class space    used 8529K, committed 9280K, reserved 1048576K
}
Event: 6581.857 GC heap before
{Heap before GC invocations=1818 (full 5):
 PSYoungGen      total 2560K, used 2176K [0x00000000d5580000, 0x00000000d5a80000, 0x0000000100000000)
  eden space 1536K, 100% used [0x00000000d5580000,0x00000000d5700000,0x00000000d5700000)
  from space 1024K, 62% used [0x00000000d5880000,0x00000000d5920010,0x00000000d5980000)
  to   space 1024K, 0% used [0x00000000d5980000,0x00000000d5980000,0x00000000d5a80000)
 ParOldGen       total 1327616K, used 1327504K [0x0000000080000000, 0x00000000d1080000, 0x00000000d5580000)
  object space 1327616K, 99% used [0x0000000080000000,0x00000000d10641c0,0x00000000d1080000)
 Metaspace       used 85968K, committed 87616K, reserved 1179648K
  class space    used 8529K, committed 9280K, reserved 1048576K
}
Event: 6581.861 GC heap after
{Heap after GC invocations=1818 (full 5):
 PSYoungGen      total 3072K, used 768K [0x00000000d5580000, 0x00000000d5a80000, 0x0000000100000000)
  eden space 2048K, 0% used [0x00000000d5580000,0x00000000d5580000,0x00000000d5780000)
  from space 1024K, 75% used [0x00000000d5980000,0x00000000d5a40000,0x00000000d5a80000)
  to   space 1024K, 0% used [0x00000000d5880000,0x00000000d5880000,0x00000000d5980000)
 ParOldGen       total 1328128K, used 1328088K [0x0000000080000000, 0x00000000d1100000, 0x00000000d5580000)
  object space 1328128K, 99% used [0x0000000080000000,0x00000000d10f61d0,0x00000000d1100000)
 Metaspace       used 85968K, committed 87616K, reserved 1179648K
  class space    used 8529K, committed 9280K, reserved 1048576K
}
Event: 6581.920 GC heap before
{Heap before GC invocations=1819 (full 5):
 PSYoungGen      total 3072K, used 2816K [0x00000000d5580000, 0x00000000d5a80000, 0x0000000100000000)
  eden space 2048K, 100% used [0x00000000d5580000,0x00000000d5780000,0x00000000d5780000)
  from space 1024K, 75% used [0x00000000d5980000,0x00000000d5a40000,0x00000000d5a80000)
  to   space 1024K, 0% used [0x00000000d5880000,0x00000000d5880000,0x00000000d5980000)
 ParOldGen       total 1328128K, used 1328088K [0x0000000080000000, 0x00000000d1100000, 0x00000000d5580000)
  object space 1328128K, 99% used [0x0000000080000000,0x00000000d10f61d0,0x00000000d1100000)
 Metaspace       used 85968K, committed 87616K, reserved 1179648K
  class space    used 8529K, committed 9280K, reserved 1048576K
}
Event: 6581.923 GC heap after
{Heap after GC invocations=1819 (full 5):
 PSYoungGen      total 2560K, used 448K [0x00000000d5580000, 0x00000000d5a00000, 0x0000000100000000)
  eden space 2048K, 0% used [0x00000000d5580000,0x00000000d5580000,0x00000000d5780000)
  from space 512K, 87% used [0x00000000d5880000,0x00000000d58f0000,0x00000000d5900000)
  to   space 1024K, 0% used [0x00000000d5900000,0x00000000d5900000,0x00000000d5a00000)
 ParOldGen       total 1329152K, used 1328824K [0x0000000080000000, 0x00000000d1200000, 0x00000000d5580000)
  object space 1329152K, 99% used [0x0000000080000000,0x00000000d11ae1d0,0x00000000d1200000)
 Metaspace       used 85968K, committed 87616K, reserved 1179648K
  class space    used 8529K, committed 9280K, reserved 1048576K
}
Event: 6774.259 GC heap before
{Heap before GC invocations=1820 (full 5):
 PSYoungGen      total 2560K, used 2494K [0x00000000d5580000, 0x00000000d5a00000, 0x0000000100000000)
  eden space 2048K, 99% used [0x00000000d5580000,0x00000000d577fa88,0x00000000d5780000)
  from space 512K, 87% used [0x00000000d5880000,0x00000000d58f0000,0x00000000d5900000)
  to   space 1024K, 0% used [0x00000000d5900000,0x00000000d5900000,0x00000000d5a00000)
 ParOldGen       total 1329152K, used 1328824K [0x0000000080000000, 0x00000000d1200000, 0x00000000d5580000)
  object space 1329152K, 99% used [0x0000000080000000,0x00000000d11ae1d0,0x00000000d1200000)
 Metaspace       used 85973K, committed 87616K, reserved 1179648K
  class space    used 8529K, committed 9280K, reserved 1048576K
}
Event: 6775.244 GC heap after
{Heap after GC invocations=1820 (full 5):
 PSYoungGen      total 2560K, used 256K [0x00000000d5580000, 0x00000000d5980000, 0x0000000100000000)
  eden space 2048K, 0% used [0x00000000d5580000,0x00000000d5580000,0x00000000d5780000)
  from space 512K, 50% used [0x00000000d5900000,0x00000000d5940000,0x00000000d5980000)
  to   space 512K, 0% used [0x00000000d5880000,0x00000000d5880000,0x00000000d5900000)
 ParOldGen       total 1329664K, used 1329232K [0x0000000080000000, 0x00000000d1280000, 0x00000000d5580000)
  object space 1329664K, 99% used [0x0000000080000000,0x00000000d12141d0,0x00000000d1280000)
 Metaspace       used 85973K, committed 87616K, reserved 1179648K
  class space    used 8529K, committed 9280K, reserved 1048576K
}
Event: 6776.811 GC heap before
{Heap before GC invocations=1821 (full 5):
 PSYoungGen      total 2560K, used 2303K [0x00000000d5580000, 0x00000000d5980000, 0x0000000100000000)
  eden space 2048K, 99% used [0x00000000d5580000,0x00000000d577ffb8,0x00000000d5780000)
  from space 512K, 50% used [0x00000000d5900000,0x00000000d5940000,0x00000000d5980000)
  to   space 512K, 0% used [0x00000000d5880000,0x00000000d5880000,0x00000000d5900000)
 ParOldGen       total 1329664K, used 1329232K [0x0000000080000000, 0x00000000d1280000, 0x00000000d5580000)
  object space 1329664K, 99% used [0x0000000080000000,0x00000000d12141d0,0x00000000d1280000)
 Metaspace       used 85977K, committed 87616K, reserved 1179648K
  class space    used 8530K, committed 9280K, reserved 1048576K
}
Event: 6776.824 GC heap after
{Heap after GC invocations=1821 (full 5):
 PSYoungGen      total 2560K, used 160K [0x00000000d5580000, 0x00000000d5980000, 0x0000000100000000)
  eden space 2048K, 0% used [0x00000000d5580000,0x00000000d5580000,0x00000000d5780000)
  from space 512K, 31% used [0x00000000d5880000,0x00000000d58a8000,0x00000000d5900000)
  to   space 512K, 0% used [0x00000000d5900000,0x00000000d5900000,0x00000000d5980000)
 ParOldGen       total 1329664K, used 1329414K [0x0000000080000000, 0x00000000d1280000, 0x00000000d5580000)
  object space 1329664K, 99% used [0x0000000080000000,0x00000000d1241be0,0x00000000d1280000)
 Metaspace       used 85977K, committed 87616K, reserved 1179648K
  class space    used 8530K, committed 9280K, reserved 1048576K
}

